app/build/intermediates/manifest_merge_blame_file/debug/manifest-merger-blame-debug-report.txt
1<?xml version="1.0" encoding="utf-8"?>
2<manifest xmlns:android="http://schemas.android.com/apk/res/android"
3    package="com.example.androidstudy1223"
4    android:versionCode="1"
5    android:versionName="1.0" >
6
7    <uses-sdk
8        android:minSdkVersion="19"
8-->src/main/AndroidManifest.xml
9        android:targetSdkVersion="30" />
9-->src/main/AndroidManifest.xml
10
11    <uses-permission android:name="android.permission.READ_PHONE_STATE" />
11-->src/main/AndroidManifest.xml:6:5-91
11-->src/main/AndroidManifest.xml:6:22-72
12    <uses-permission android:name="android.permission.PROCESS_OUTGOING_CALLS" />
12-->src/main/AndroidManifest.xml:7:5-97
12-->src/main/AndroidManifest.xml:7:22-78
13    <uses-permission android:name="android.permission.PROCESS_OUTGOING_CALLS" />
13-->src/main/AndroidManifest.xml:7:5-97
13-->src/main/AndroidManifest.xml:7:22-78
14    <uses-permission android:name="android.permission.INTERNET" />
14-->src/main/AndroidManifest.xml:8:97-159
14-->src/main/AndroidManifest.xml:8:114-156
15    <uses-permission android:name="android.permission.READ_EXTERNAL_STORAGE" />
15-->src/main/AndroidManifest.xml:9:5-79
15-->src/main/AndroidManifest.xml:9:22-77
16    <uses-permission android:name="android.permission.WRITE_EXTERNAL_STORAGE" />
16-->src/main/AndroidManifest.xml:10:5-80
16-->src/main/AndroidManifest.xml:10:22-78
17    <uses-permission android:name="android.permission.MOUNT_UNMOUNT_FILESYSTEMS" />
17-->src/main/AndroidManifest.xml:11:5-12:47
17-->src/main/AndroidManifest.xml:11:22-81
18
19    <application
19-->src/main/AndroidManifest.xml:14:5-58:19
20        android:allowBackup="true"
20-->src/main/AndroidManifest.xml:17:9-35
21        android:appComponentFactory="androidx.core.app.CoreComponentFactory"
21-->[androidx.core:core:1.3.0] AndroidManifest.xml:24:18-86
22        android:debuggable="true"
23        android:icon="@mipmap/ic_launcher"
23-->src/main/AndroidManifest.xml:18:9-43
24        android:label="@string/app_name"
24-->src/main/AndroidManifest.xml:19:9-41
25        android:networkSecurityConfig="@xml/network_security_config"
25-->src/main/AndroidManifest.xml:16:9-69
26        android:requestLegacyExternalStorage="true"
26-->src/main/AndroidManifest.xml:15:9-52
27        android:roundIcon="@mipmap/ic_launcher_round"
27-->src/main/AndroidManifest.xml:20:9-54
28        android:supportsRtl="true"
28-->src/main/AndroidManifest.xml:21:9-35
29        android:testOnly="true"
30        android:theme="@style/AppTheme" >
30-->src/main/AndroidManifest.xml:22:9-40
31        <service android:name="com.example.androidstudy.ServiceStudy.StudyIntentService" />
31-->src/main/AndroidManifest.xml:23:9-24:45
31-->src/main/AndroidManifest.xml:23:18-65
32
33        <activity android:name="com.example.androidstudy.MainActivity" >
33-->src/main/AndroidManifest.xml:25:9-31:20
33-->src/main/AndroidManifest.xml:25:19-47
34            <intent-filter>
34-->src/main/AndroidManifest.xml:26:13-30:29
35                <action android:name="android.intent.action.MAIN" />
35-->src/main/AndroidManifest.xml:27:17-69
35-->src/main/AndroidManifest.xml:27:25-66
36
37                <category android:name="android.intent.category.LAUNCHER" />
37-->src/main/AndroidManifest.xml:29:17-77
37-->src/main/AndroidManifest.xml:29:27-74
38            </intent-filter>
39        </activity>
40        <activity android:name="com.example.androidstudy.RoomDatabaseStudy.databaseActivity" >
40-->src/main/AndroidManifest.xml:33:9-34:20
40-->src/main/AndroidManifest.xml:33:19-69
41        </activity>
42        <activity android:name="com.example.androidstudy.ServiceStudy.ServiceActivity" >
42-->src/main/AndroidManifest.xml:36:9-37:20
42-->src/main/AndroidManifest.xml:36:19-63
43        </activity>
44        <activity android:name="com.example.androidstudy.Wheel.WheelActivity" />
44-->src/main/AndroidManifest.xml:39:9-56
44-->src/main/AndroidManifest.xml:39:19-54
45        <activity android:name="com.example.androidstudy.HttpStudy.HttpActivity" />
45-->src/main/AndroidManifest.xml:40:9-59
45-->src/main/AndroidManifest.xml:40:19-57
46        <activity android:name="com.example.androidstudy.WaitActivity" />
46-->src/main/AndroidManifest.xml:41:9-49
46-->src/main/AndroidManifest.xml:41:19-47
47        <activity android:name="com.example.androidstudy.lifecycle.LifecycleActivity" />
47-->src/main/AndroidManifest.xml:42:9-64
47-->src/main/AndroidManifest.xml:42:19-62
48        <activity android:name="com.example.androidstudy.ViewModel.ViewModelActivity" />
48-->src/main/AndroidManifest.xml:43:9-64
48-->src/main/AndroidManifest.xml:43:19-62
49        <activity android:name="com.example.androidstudy.DataStore.DataStoreActivity" />
49-->src/main/AndroidManifest.xml:44:9-64
49-->src/main/AndroidManifest.xml:44:19-62
50        <activity android:name="com.example.androidstudy.ToJson.ToJsonActivity" />
50-->src/main/AndroidManifest.xml:45:9-58
50-->src/main/AndroidManifest.xml:45:19-56
51
52        <!-- <receiver android:name=".PhoneCallStateActivity.PhoneStateReceiver" -->
53        <!-- android:enabled="true"> -->
54        <!-- <intent-filter> -->
55        <!-- <action android:name="android.intent.action.NEW_OUTGOING_CALL" /> -->
56        <!-- <action android:name="android.intent.action.PHONE_STATE" /> -->
57        <!-- <action android:name="android.intent.action.PHONE_STATE2"/> -->
58        <!-- <action android:name="android.intent.action.PHONE_STATE2"/> -->
59        <!-- <action android:name="android.intent.action.PHONE_STATE_EXT"/> -->
60        <!-- </intent-filter> -->
61        <!-- </receiver> -->
62
63        <service
63-->[androidx.room:room-runtime:2.2.5] AndroidManifest.xml:25:9-28:40
64            android:name="androidx.room.MultiInstanceInvalidationService"
64-->[androidx.room:room-runtime:2.2.5] AndroidManifest.xml:26:13-74
65            android:directBootAware="true"
65-->[androidx.room:room-runtime:2.2.5] AndroidManifest.xml:27:13-43
66            android:exported="false" />
66-->[androidx.room:room-runtime:2.2.5] AndroidManifest.xml:28:13-37
67
68        <provider
68-->[androidx.lifecycle:lifecycle-process:2.1.0] AndroidManifest.xml:23:9-27:43
69            android:name="androidx.lifecycle.ProcessLifecycleOwnerInitializer"
69-->[androidx.lifecycle:lifecycle-process:2.1.0] AndroidManifest.xml:24:13-79
70            android:authorities="com.example.androidstudy1223.lifecycle-process"
70-->[androidx.lifecycle:lifecycle-process:2.1.0] AndroidManifest.xml:25:13-69
71            android:exported="false"
71-->[androidx.lifecycle:lifecycle-process:2.1.0] AndroidManifest.xml:26:13-37
72            android:multiprocess="true" />
72-->[androidx.lifecycle:lifecycle-process:2.1.0] AndroidManifest.xml:27:13-40
73    </application>
74
75</manifest>